The system is: Linux - 4.15.0-1028-gcp - x86_64
Compiling the C compiler identification source file "CMakeCCompilerId.c" succeeded.
Compiler: /opt/conda/bin/cc 
Build flags: 
Id flags: 

The output was:
0


Compilation of the C compiler identification source "CMakeCCompilerId.c" produced "a.out"

The C compiler identification is GNU, found in "/home/workspace/Udacity_CarND-Extended-Kalman-Filter-Project/build/CMakeFiles/3.5.1/CompilerIdC/a.out"

Compiling the CXX compiler identification source file "CMakeCXXCompilerId.cpp" succeeded.
Compiler: /opt/conda/bin/c++ 
Build flags: 
Id flags: 

The output was:
0


Compilation of the CXX compiler identification source "CMakeCXXCompilerId.cpp" produced "a.out"

The CXX compiler identification is GNU, found in "/home/workspace/Udacity_CarND-Extended-Kalman-Filter-Project/build/CMakeFiles/3.5.1/CompilerIdCXX/a.out"

Determining if the C compiler works passed with the following output:
Change Dir: /home/workspace/Udacity_CarND-Extended-Kalman-Filter-Project/build/CMakeFiles/CMakeTmp

Run Build Command:"/usr/bin/make" "cmTC_1f9ab/fast"
/usr/bin/make -f CMakeFiles/cmTC_1f9ab.dir/build.make CMakeFiles/cmTC_1f9ab.dir/build
make[1]: Entering directory '/home/workspace/Udacity_CarND-Extended-Kalman-Filter-Project/build/CMakeFiles/CMakeTmp'
Building C object CMakeFiles/cmTC_1f9ab.dir/testCCompiler.c.o
/opt/conda/bin/cc     -o CMakeFiles/cmTC_1f9ab.dir/testCCompiler.c.o   -c /home/workspace/Udacity_CarND-Extended-Kalman-Filter-Project/build/CMakeFiles/CMakeTmp/testCCompiler.c
Linking C executable cmTC_1f9ab
/usr/bin/cmake -E cmake_link_script CMakeFiles/cmTC_1f9ab.dir/link.txt --verbose=1
/opt/conda/bin/cc       CMakeFiles/cmTC_1f9ab.dir/testCCompiler.c.o  -o cmTC_1f9ab -rdynamic 
make[1]: Leaving directory '/home/workspace/Udacity_CarND-Extended-Kalman-Filter-Project/build/CMakeFiles/CMakeTmp'


Detecting C compiler ABI info compiled with the following output:
Change Dir: /home/workspace/Udacity_CarND-Extended-Kalman-Filter-Project/build/CMakeFiles/CMakeTmp

Run Build Command:"/usr/bin/make" "cmTC_1c1a5/fast"
/usr/bin/make -f CMakeFiles/cmTC_1c1a5.dir/build.make CMakeFiles/cmTC_1c1a5.dir/build
make[1]: Entering directory '/home/workspace/Udacity_CarND-Extended-Kalman-Filter-Project/build/CMakeFiles/CMakeTmp'
Building C object CMakeFiles/cmTC_1c1a5.dir/CMakeCCompilerABI.c.o
/opt/conda/bin/cc     -o CMakeFiles/cmTC_1c1a5.dir/CMakeCCompilerABI.c.o   -c /usr/share/cmake-3.5/Modules/CMakeCCompilerABI.c
Linking C executable cmTC_1c1a5
/usr/bin/cmake -E cmake_link_script CMakeFiles/cmTC_1c1a5.dir/link.txt --verbose=1
/opt/conda/bin/cc      -v CMakeFiles/cmTC_1c1a5.dir/CMakeCCompilerABI.c.o  -o cmTC_1c1a5 -rdynamic  
Reading specs from /opt/conda/bin/../lib/gcc/x86_64-pc-linux-gnu/7.2.0/specs
COLLECT_GCC=/opt/conda/bin/cc
COLLECT_LTO_WRAPPER=/opt/conda/bin/../gcc/libexec/gcc/x86_64-pc-linux-gnu/7.2.0/lto-wrapper
Target: x86_64-pc-linux-gnu
Configured with: ./configure --prefix=/feedstock_root/build_artefacts/gcc-7_1526595830724/_b_env_placehold_placehold_placehold_placehold_placehold_placehold_placehold_placehold_placehold_placehold_placehold_placehold_placehold_placehold_placehold_placehold_placehold_placehold_placehold_placeh/gcc --with-gxx-include-dir=/feedstock_root/build_artefacts/gcc-7_1526595830724/_b_env_placehold_placehold_placehold_placehold_placehold_placehold_placehold_placehold_placehold_placehold_placehold_placehold_placehold_placehold_placehold_placehold_placehold_placehold_placehold_placeh/gcc/include/c++ --bindir=/feedstock_root/build_artefacts/gcc-7_1526595830724/_b_env_placehold_placehold_placehold_placehold_placehold_placehold_placehold_placehold_placehold_placehold_placehold_placehold_placehold_placehold_placehold_placehold_placehold_placehold_placehold_placeh/bin --datarootdir=/feedstock_root/build_artefacts/gcc-7_1526595830724/_b_env_placehold_placehold_placehold_placehold_placehold_placehold_placehold_placehold_placehold_placehold_placehold_placehold_placehold_placehold_placehold_placehold_placehold_placehold_placehold_placeh/share --libdir=/feedstock_root/build_artefacts/gcc-7_1526595830724/_b_env_placehold_placehold_placehold_placehold_placehold_placehold_placehold_placehold_placehold_placehold_placehold_placehold_placehold_placehold_placehold_placehold_placehold_placehold_placehold_placeh/lib --with-gmp=/feedstock_root/build_artefacts/gcc-7_1526595830724/_b_env_placehold_placehold_placehold_placehold_placehold_placehold_placehold_placehold_placehold_placehold_placehold_placehold_placehold_placehold_placehold_placehold_placehold_placehold_placehold_placeh --with-mpfr=/feedstock_root/build_artefacts/gcc-7_1526595830724/_b_env_placehold_placehold_placehold_placehold_placehold_placehold_placehold_placehold_placehold_placehold_placehold_placehold_placehold_placehold_placehold_placehold_placehold_placehold_placehold_placeh --with-mpc=/feedstock_root/build_artefacts/gcc-7_1526595830724/_b_env_placehold_placehold_placehold_placehold_placehold_placehold_placehold_placehold_placehold_placehold_placehold_placehold_placehold_placehold_placehold_placehold_placehold_placehold_placehold_placeh --with-isl=/feedstock_root/build_artefacts/gcc-7_1526595830724/_b_env_placehold_placehold_placehold_placehold_placehold_placehold_placehold_placehold_placehold_placehold_placehold_placehold_placehold_placehold_placehold_placehold_placehold_placehold_placehold_placeh --with-cloog=/feedstock_root/build_artefacts/gcc-7_1526595830724/_b_env_placehold_placehold_placehold_placehold_placehold_placehold_placehold_placehold_placehold_placehold_placehold_placehold_placehold_placehold_placehold_placehold_placehold_placehold_placehold_placeh --enable-checking=release --with-tune=generic --disable-multilib
Thread model: posix
gcc version 7.2.0 (GCC) 
COMPILER_PATH=/opt/conda/bin/../gcc/libexec/gcc/x86_64-pc-linux-gnu/7.2.0/:/opt/conda/bin/../gcc/libexec/gcc/
LIBRARY_PATH=/opt/conda/bin/../lib/gcc/x86_64-pc-linux-gnu/7.2.0/:/opt/conda/bin/../lib/gcc/:/lib/../lib64/:/opt/conda/bin/../lib/gcc/x86_64-pc-linux-gnu/7.2.0/../../../:/lib/:/usr/lib/
COLLECT_GCC_OPTIONS='-v' '-o' 'cmTC_1c1a5' '-rdynamic' '-mtune=generic' '-march=x86-64'
 /opt/conda/bin/../gcc/libexec/gcc/x86_64-pc-linux-gnu/7.2.0/collect2 -plugin /opt/conda/bin/../gcc/libexec/gcc/x86_64-pc-linux-gnu/7.2.0/liblto_plugin.so -plugin-opt=/opt/conda/bin/../gcc/libexec/gcc/x86_64-pc-linux-gnu/7.2.0/lto-wrapper -plugin-opt=-fresolution=/tmp/ccHPnE3X.res -plugin-opt=-pass-through=-lgcc -plugin-opt=-pass-through=-lgcc_s -plugin-opt=-pass-through=-lc -plugin-opt=-pass-through=-lgcc -plugin-opt=-pass-through=-lgcc_s --eh-frame-hdr -m elf_x86_64 -export-dynamic -dynamic-linker /lib64/ld-linux-x86-64.so.2 -o cmTC_1c1a5 /opt/conda/bin/../lib/gcc/x86_64-pc-linux-gnu/7.2.0/crt1.o /opt/conda/bin/../lib/gcc/x86_64-pc-linux-gnu/7.2.0/crti.o /opt/conda/bin/../lib/gcc/x86_64-pc-linux-gnu/7.2.0/crtbegin.o -L/opt/conda/bin/../lib/gcc/x86_64-pc-linux-gnu/7.2.0 -L/opt/conda/bin/../lib/gcc -L/lib/../lib64 -L/opt/conda/bin/../lib/gcc/x86_64-pc-linux-gnu/7.2.0/../../.. -L/usr/local/lib/x86_64-linux-gnu -L/lib/x86_64-linux-gnu -L/usr/lib/x86_64-linux-gnu -L/usr/local/lib64 -L/lib64 -L/usr/lib64 -L/usr/local/lib -L/lib -L/usr/lib -L/usr/x86_64-linux-gnu/lib64 -L/usr/x86_64-linux-gnu/lib CMakeFiles/cmTC_1c1a5.dir/CMakeCCompilerABI.c.o -lgcc --as-needed -lgcc_s --no-as-needed -lc -lgcc --as-needed -lgcc_s --no-as-needed /opt/conda/bin/../lib/gcc/x86_64-pc-linux-gnu/7.2.0/crtend.o /opt/conda/bin/../lib/gcc/x86_64-pc-linux-gnu/7.2.0/crtn.o
COLLECT_GCC_OPTIONS='-v' '-o' 'cmTC_1c1a5' '-rdynamic' '-mtune=generic' '-march=x86-64'
make[1]: Leaving directory '/home/workspace/Udacity_CarND-Extended-Kalman-Filter-Project/build/CMakeFiles/CMakeTmp'


Parsed C implicit link information from above output:
  link line regex: [^( *|.*[/\])(ld|([^/\]+-)?ld|collect2)[^/\]*( |$)]
  ignore line: [Change Dir: /home/workspace/Udacity_CarND-Extended-Kalman-Filter-Project/build/CMakeFiles/CMakeTmp]
  ignore line: []
  ignore line: [Run Build Command:"/usr/bin/make" "cmTC_1c1a5/fast"]
  ignore line: [/usr/bin/make -f CMakeFiles/cmTC_1c1a5.dir/build.make CMakeFiles/cmTC_1c1a5.dir/build]
  ignore line: [make[1]: Entering directory '/home/workspace/Udacity_CarND-Extended-Kalman-Filter-Project/build/CMakeFiles/CMakeTmp']
  ignore line: [Building C object CMakeFiles/cmTC_1c1a5.dir/CMakeCCompilerABI.c.o]
  ignore line: [/opt/conda/bin/cc     -o CMakeFiles/cmTC_1c1a5.dir/CMakeCCompilerABI.c.o   -c /usr/share/cmake-3.5/Modules/CMakeCCompilerABI.c]
  ignore line: [Linking C executable cmTC_1c1a5]
  ignore line: [/usr/bin/cmake -E cmake_link_script CMakeFiles/cmTC_1c1a5.dir/link.txt --verbose=1]
  ignore line: [/opt/conda/bin/cc      -v CMakeFiles/cmTC_1c1a5.dir/CMakeCCompilerABI.c.o  -o cmTC_1c1a5 -rdynamic  ]
  ignore line: [Reading specs from /opt/conda/bin/../lib/gcc/x86_64-pc-linux-gnu/7.2.0/specs]
  ignore line: [COLLECT_GCC=/opt/conda/bin/cc]
  ignore line: [COLLECT_LTO_WRAPPER=/opt/conda/bin/../gcc/libexec/gcc/x86_64-pc-linux-gnu/7.2.0/lto-wrapper]
  ignore line: [Target: x86_64-pc-linux-gnu]
  ignore line: [Configured with: ./configure --prefix=/feedstock_root/build_artefacts/gcc-7_1526595830724/_b_env_placehold_placehold_placehold_placehold_placehold_placehold_placehold_placehold_placehold_placehold_placehold_placehold_placehold_placehold_placehold_placehold_placehold_placehold_placehold_placeh/gcc --with-gxx-include-dir=/feedstock_root/build_artefacts/gcc-7_1526595830724/_b_env_placehold_placehold_placehold_placehold_placehold_placehold_placehold_placehold_placehold_placehold_placehold_placehold_placehold_placehold_placehold_placehold_placehold_placehold_placehold_placeh/gcc/include/c++ --bindir=/feedstock_root/build_artefacts/gcc-7_1526595830724/_b_env_placehold_placehold_placehold_placehold_placehold_placehold_placehold_placehold_placehold_placehold_placehold_placehold_placehold_placehold_placehold_placehold_placehold_placehold_placehold_placeh/bin --datarootdir=/feedstock_root/build_artefacts/gcc-7_1526595830724/_b_env_placehold_placehold_placehold_placehold_placehold_placehold_placehold_placehold_placehold_placehold_placehold_placehold_placehold_placehold_placehold_placehold_placehold_placehold_placehold_placeh/share --libdir=/feedstock_root/build_artefacts/gcc-7_1526595830724/_b_env_placehold_placehold_placehold_placehold_placehold_placehold_placehold_placehold_placehold_placehold_placehold_placehold_placehold_placehold_placehold_placehold_placehold_placehold_placehold_placeh/lib --with-gmp=/feedstock_root/build_artefacts/gcc-7_1526595830724/_b_env_placehold_placehold_placehold_placehold_placehold_placehold_placehold_placehold_placehold_placehold_placehold_placehold_placehold_placehold_placehold_placehold_placehold_placehold_placehold_placeh --with-mpfr=/feedstock_root/build_artefacts/gcc-7_1526595830724/_b_env_placehold_placehold_placehold_placehold_placehold_placehold_placehold_placehold_placehold_placehold_placehold_placehold_placehold_placehold_placehold_placehold_placehold_placehold_placehold_placeh --with-mpc=/feedstock_root/build_artefacts/gcc-7_1526595830724/_b_env_placehold_placehold_placehold_placehold_placehold_placehold_placehold_placehold_placehold_placehold_placehold_placehold_placehold_placehold_placehold_placehold_placehold_placehold_placehold_placeh --with-isl=/feedstock_root/build_artefacts/gcc-7_1526595830724/_b_env_placehold_placehold_placehold_placehold_placehold_placehold_placehold_placehold_placehold_placehold_placehold_placehold_placehold_placehold_placehold_placehold_placehold_placehold_placehold_placeh --with-cloog=/feedstock_root/build_artefacts/gcc-7_1526595830724/_b_env_placehold_placehold_placehold_placehold_placehold_placehold_placehold_placehold_placehold_placehold_placehold_placehold_placehold_placehold_placehold_placehold_placehold_placehold_placehold_placeh --enable-checking=release --with-tune=generic --disable-multilib]
  ignore line: [Thread model: posix]
  ignore line: [gcc version 7.2.0 (GCC) ]
  ignore line: [COMPILER_PATH=/opt/conda/bin/../gcc/libexec/gcc/x86_64-pc-linux-gnu/7.2.0/:/opt/conda/bin/../gcc/libexec/gcc/]
  ignore line: [LIBRARY_PATH=/opt/conda/bin/../lib/gcc/x86_64-pc-linux-gnu/7.2.0/:/opt/conda/bin/../lib/gcc/:/lib/../lib64/:/opt/conda/bin/../lib/gcc/x86_64-pc-linux-gnu/7.2.0/../../../:/lib/:/usr/lib/]
  ignore line: [COLLECT_GCC_OPTIONS='-v' '-o' 'cmTC_1c1a5' '-rdynamic' '-mtune=generic' '-march=x86-64']
  link line: [ /opt/conda/bin/../gcc/libexec/gcc/x86_64-pc-linux-gnu/7.2.0/collect2 -plugin /opt/conda/bin/../gcc/libexec/gcc/x86_64-pc-linux-gnu/7.2.0/liblto_plugin.so -plugin-opt=/opt/conda/bin/../gcc/libexec/gcc/x86_64-pc-linux-gnu/7.2.0/lto-wrapper -plugin-opt=-fresolution=/tmp/ccHPnE3X.res -plugin-opt=-pass-through=-lgcc -plugin-opt=-pass-through=-lgcc_s -plugin-opt=-pass-through=-lc -plugin-opt=-pass-through=-lgcc -plugin-opt=-pass-through=-lgcc_s --eh-frame-hdr -m elf_x86_64 -export-dynamic -dynamic-linker /lib64/ld-linux-x86-64.so.2 -o cmTC_1c1a5 /opt/conda/bin/../lib/gcc/x86_64-pc-linux-gnu/7.2.0/crt1.o /opt/conda/bin/../lib/gcc/x86_64-pc-linux-gnu/7.2.0/crti.o /opt/conda/bin/../lib/gcc/x86_64-pc-linux-gnu/7.2.0/crtbegin.o -L/opt/conda/bin/../lib/gcc/x86_64-pc-linux-gnu/7.2.0 -L/opt/conda/bin/../lib/gcc -L/lib/../lib64 -L/opt/conda/bin/../lib/gcc/x86_64-pc-linux-gnu/7.2.0/../../.. -L/usr/local/lib/x86_64-linux-gnu -L/lib/x86_64-linux-gnu -L/usr/lib/x86_64-linux-gnu -L/usr/local/lib64 -L/lib64 -L/usr/lib64 -L/usr/local/lib -L/lib -L/usr/lib -L/usr/x86_64-linux-gnu/lib64 -L/usr/x86_64-linux-gnu/lib CMakeFiles/cmTC_1c1a5.dir/CMakeCCompilerABI.c.o -lgcc --as-needed -lgcc_s --no-as-needed -lc -lgcc --as-needed -lgcc_s --no-as-needed /opt/conda/bin/../lib/gcc/x86_64-pc-linux-gnu/7.2.0/crtend.o /opt/conda/bin/../lib/gcc/x86_64-pc-linux-gnu/7.2.0/crtn.o]
    arg [/opt/conda/bin/../gcc/libexec/gcc/x86_64-pc-linux-gnu/7.2.0/collect2] ==> ignore
    arg [-plugin] ==> ignore
    arg [/opt/conda/bin/../gcc/libexec/gcc/x86_64-pc-linux-gnu/7.2.0/liblto_plugin.so] ==> ignore
    arg [-plugin-opt=/opt/conda/bin/../gcc/libexec/gcc/x86_64-pc-linux-gnu/7.2.0/lto-wrapper] ==> ignore
    arg [-plugin-opt=-fresolution=/tmp/ccHPnE3X.res] ==> ignore
    arg [-plugin-opt=-pass-through=-lgcc] ==> ignore
    arg [-plugin-opt=-pass-through=-lgcc_s] ==> ignore
    arg [-plugin-opt=-pass-through=-lc] ==> ignore
    arg [-plugin-opt=-pass-through=-lgcc] ==> ignore
    arg [-plugin-opt=-pass-through=-lgcc_s] ==> ignore
    arg [--eh-frame-hdr] ==> ignore
    arg [-m] ==> ignore
    arg [elf_x86_64] ==> ignore
    arg [-export-dynamic] ==> ignore
    arg [-dynamic-linker] ==> ignore
    arg [/lib64/ld-linux-x86-64.so.2] ==> ignore
    arg [-o] ==> ignore
    arg [cmTC_1c1a5] ==> ignore
    arg [/opt/conda/bin/../lib/gcc/x86_64-pc-linux-gnu/7.2.0/crt1.o] ==> ignore
    arg [/opt/conda/bin/../lib/gcc/x86_64-pc-linux-gnu/7.2.0/crti.o] ==> ignore
    arg [/opt/conda/bin/../lib/gcc/x86_64-pc-linux-gnu/7.2.0/crtbegin.o] ==> ignore
    arg [-L/opt/conda/bin/../lib/gcc/x86_64-pc-linux-gnu/7.2.0] ==> dir [/opt/conda/bin/../lib/gcc/x86_64-pc-linux-gnu/7.2.0]
    arg [-L/opt/conda/bin/../lib/gcc] ==> dir [/opt/conda/bin/../lib/gcc]
    arg [-L/lib/../lib64] ==> dir [/lib/../lib64]
    arg [-L/opt/conda/bin/../lib/gcc/x86_64-pc-linux-gnu/7.2.0/../../..] ==> dir [/opt/conda/bin/../lib/gcc/x86_64-pc-linux-gnu/7.2.0/../../..]
    arg [-L/usr/local/lib/x86_64-linux-gnu] ==> dir [/usr/local/lib/x86_64-linux-gnu]
    arg [-L/lib/x86_64-linux-gnu] ==> dir [/lib/x86_64-linux-gnu]
    arg [-L/usr/lib/x86_64-linux-gnu] ==> dir [/usr/lib/x86_64-linux-gnu]
    arg [-L/usr/local/lib64] ==> dir [/usr/local/lib64]
    arg [-L/lib64] ==> dir [/lib64]
    arg [-L/usr/lib64] ==> dir [/usr/lib64]
    arg [-L/usr/local/lib] ==> dir [/usr/local/lib]
    arg [-L/lib] ==> dir [/lib]
    arg [-L/usr/lib] ==> dir [/usr/lib]
    arg [-L/usr/x86_64-linux-gnu/lib64] ==> dir [/usr/x86_64-linux-gnu/lib64]
    arg [-L/usr/x86_64-linux-gnu/lib] ==> dir [/usr/x86_64-linux-gnu/lib]
    arg [CMakeFiles/cmTC_1c1a5.dir/CMakeCCompilerABI.c.o] ==> ignore
    arg [-lgcc] ==> lib [gcc]
    arg [--as-needed] ==> ignore
    arg [-lgcc_s] ==> lib [gcc_s]
    arg [--no-as-needed] ==> ignore
    arg [-lc] ==> lib [c]
    arg [-lgcc] ==> lib [gcc]
    arg [--as-needed] ==> ignore
    arg [-lgcc_s] ==> lib [gcc_s]
    arg [--no-as-needed] ==> ignore
    arg [/opt/conda/bin/../lib/gcc/x86_64-pc-linux-gnu/7.2.0/crtend.o] ==> ignore
    arg [/opt/conda/bin/../lib/gcc/x86_64-pc-linux-gnu/7.2.0/crtn.o] ==> ignore
  remove lib [gcc]
  remove lib [gcc_s]
  remove lib [gcc]
  remove lib [gcc_s]
  collapse library dir [/opt/conda/bin/../lib/gcc/x86_64-pc-linux-gnu/7.2.0] ==> [/opt/conda/lib/gcc/x86_64-pc-linux-gnu/7.2.0]
  collapse library dir [/opt/conda/bin/../lib/gcc] ==> [/opt/conda/lib/gcc]
  collapse library dir [/lib/../lib64] ==> [/lib64]
  collapse library dir [/opt/conda/bin/../lib/gcc/x86_64-pc-linux-gnu/7.2.0/../../..] ==> [/opt/conda/lib]
  collapse library dir [/usr/local/lib/x86_64-linux-gnu] ==> [/usr/local/lib/x86_64-linux-gnu]
  collapse library dir [/lib/x86_64-linux-gnu] ==> [/lib/x86_64-linux-gnu]
  collapse library dir [/usr/lib/x86_64-linux-gnu] ==> [/usr/lib/x86_64-linux-gnu]
  collapse library dir [/usr/local/lib64] ==> [/usr/local/lib64]
  collapse library dir [/lib64] ==> [/lib64]
  collapse library dir [/usr/lib64] ==> [/usr/lib64]
  collapse library dir [/usr/local/lib] ==> [/usr/local/lib]
  collapse library dir [/lib] ==> [/lib]
  collapse library dir [/usr/lib] ==> [/usr/lib]
  collapse library dir [/usr/x86_64-linux-gnu/lib64] ==> [/usr/x86_64-linux-gnu/lib64]
  collapse library dir [/usr/x86_64-linux-gnu/lib] ==> [/usr/x86_64-linux-gnu/lib]
  implicit libs: [c]
  implicit dirs: [/opt/conda/lib/gcc/x86_64-pc-linux-gnu/7.2.0;/opt/conda/lib/gcc;/lib64;/opt/conda/lib;/usr/local/lib/x86_64-linux-gnu;/lib/x86_64-linux-gnu;/usr/lib/x86_64-linux-gnu;/usr/local/lib64;/usr/lib64;/usr/local/lib;/lib;/usr/lib;/usr/x86_64-linux-gnu/lib64;/usr/x86_64-linux-gnu/lib]
  implicit fwks: []




Detecting C [-std=c11] compiler features compiled with the following output:
Change Dir: /home/workspace/Udacity_CarND-Extended-Kalman-Filter-Project/build/CMakeFiles/CMakeTmp

Run Build Command:"/usr/bin/make" "cmTC_c984c/fast"
/usr/bin/make -f CMakeFiles/cmTC_c984c.dir/build.make CMakeFiles/cmTC_c984c.dir/build
make[1]: Entering directory '/home/workspace/Udacity_CarND-Extended-Kalman-Filter-Project/build/CMakeFiles/CMakeTmp'
Building C object CMakeFiles/cmTC_c984c.dir/feature_tests.c.o
/opt/conda/bin/cc    -std=c11 -o CMakeFiles/cmTC_c984c.dir/feature_tests.c.o   -c /home/workspace/Udacity_CarND-Extended-Kalman-Filter-Project/build/CMakeFiles/feature_tests.c
Linking C executable cmTC_c984c
/usr/bin/cmake -E cmake_link_script CMakeFiles/cmTC_c984c.dir/link.txt --verbose=1
/opt/conda/bin/cc       CMakeFiles/cmTC_c984c.dir/feature_tests.c.o  -o cmTC_c984c -rdynamic 
make[1]: Leaving directory '/home/workspace/Udacity_CarND-Extended-Kalman-Filter-Project/build/CMakeFiles/CMakeTmp'


    Feature record: C_FEATURE:1c_function_prototypes
    Feature record: C_FEATURE:1c_restrict
    Feature record: C_FEATURE:1c_static_assert
    Feature record: C_FEATURE:1c_variadic_macros


Detecting C [-std=c99] compiler features compiled with the following output:
Change Dir: /home/workspace/Udacity_CarND-Extended-Kalman-Filter-Project/build/CMakeFiles/CMakeTmp

Run Build Command:"/usr/bin/make" "cmTC_af8cd/fast"
/usr/bin/make -f CMakeFiles/cmTC_af8cd.dir/build.make CMakeFiles/cmTC_af8cd.dir/build
make[1]: Entering directory '/home/workspace/Udacity_CarND-Extended-Kalman-Filter-Project/build/CMakeFiles/CMakeTmp'
Building C object CMakeFiles/cmTC_af8cd.dir/feature_tests.c.o
/opt/conda/bin/cc    -std=c99 -o CMakeFiles/cmTC_af8cd.dir/feature_tests.c.o   -c /home/workspace/Udacity_CarND-Extended-Kalman-Filter-Project/build/CMakeFiles/feature_tests.c
Linking C executable cmTC_af8cd
/usr/bin/cmake -E cmake_link_script CMakeFiles/cmTC_af8cd.dir/link.txt --verbose=1
/opt/conda/bin/cc       CMakeFiles/cmTC_af8cd.dir/feature_tests.c.o  -o cmTC_af8cd -rdynamic 
make[1]: Leaving directory '/home/workspace/Udacity_CarND-Extended-Kalman-Filter-Project/build/CMakeFiles/CMakeTmp'


    Feature record: C_FEATURE:1c_function_prototypes
    Feature record: C_FEATURE:1c_restrict
    Feature record: C_FEATURE:0c_static_assert
    Feature record: C_FEATURE:1c_variadic_macros


Detecting C [-std=c90] compiler features compiled with the following output:
Change Dir: /home/workspace/Udacity_CarND-Extended-Kalman-Filter-Project/build/CMakeFiles/CMakeTmp

Run Build Command:"/usr/bin/make" "cmTC_88063/fast"
/usr/bin/make -f CMakeFiles/cmTC_88063.dir/build.make CMakeFiles/cmTC_88063.dir/build
make[1]: Entering directory '/home/workspace/Udacity_CarND-Extended-Kalman-Filter-Project/build/CMakeFiles/CMakeTmp'
Building C object CMakeFiles/cmTC_88063.dir/feature_tests.c.o
/opt/conda/bin/cc    -std=c90 -o CMakeFiles/cmTC_88063.dir/feature_tests.c.o   -c /home/workspace/Udacity_CarND-Extended-Kalman-Filter-Project/build/CMakeFiles/feature_tests.c
Linking C executable cmTC_88063
/usr/bin/cmake -E cmake_link_script CMakeFiles/cmTC_88063.dir/link.txt --verbose=1
/opt/conda/bin/cc       CMakeFiles/cmTC_88063.dir/feature_tests.c.o  -o cmTC_88063 -rdynamic 
make[1]: Leaving directory '/home/workspace/Udacity_CarND-Extended-Kalman-Filter-Project/build/CMakeFiles/CMakeTmp'


    Feature record: C_FEATURE:1c_function_prototypes
    Feature record: C_FEATURE:0c_restrict
    Feature record: C_FEATURE:0c_static_assert
    Feature record: C_FEATURE:0c_variadic_macros
Determining if the CXX compiler works passed with the following output:
Change Dir: /home/workspace/Udacity_CarND-Extended-Kalman-Filter-Project/build/CMakeFiles/CMakeTmp

Run Build Command:"/usr/bin/make" "cmTC_082b8/fast"
/usr/bin/make -f CMakeFiles/cmTC_082b8.dir/build.make CMakeFiles/cmTC_082b8.dir/build
make[1]: Entering directory '/home/workspace/Udacity_CarND-Extended-Kalman-Filter-Project/build/CMakeFiles/CMakeTmp'
Building CXX object CMakeFiles/cmTC_082b8.dir/testCXXCompiler.cxx.o
/opt/conda/bin/c++      -o CMakeFiles/cmTC_082b8.dir/testCXXCompiler.cxx.o -c /home/workspace/Udacity_CarND-Extended-Kalman-Filter-Project/build/CMakeFiles/CMakeTmp/testCXXCompiler.cxx
Linking CXX executable cmTC_082b8
/usr/bin/cmake -E cmake_link_script CMakeFiles/cmTC_082b8.dir/link.txt --verbose=1
/opt/conda/bin/c++        CMakeFiles/cmTC_082b8.dir/testCXXCompiler.cxx.o  -o cmTC_082b8 -rdynamic 
make[1]: Leaving directory '/home/workspace/Udacity_CarND-Extended-Kalman-Filter-Project/build/CMakeFiles/CMakeTmp'


Detecting CXX compiler ABI info compiled with the following output:
Change Dir: /home/workspace/Udacity_CarND-Extended-Kalman-Filter-Project/build/CMakeFiles/CMakeTmp

Run Build Command:"/usr/bin/make" "cmTC_26b0e/fast"
/usr/bin/make -f CMakeFiles/cmTC_26b0e.dir/build.make CMakeFiles/cmTC_26b0e.dir/build
make[1]: Entering directory '/home/workspace/Udacity_CarND-Extended-Kalman-Filter-Project/build/CMakeFiles/CMakeTmp'
Building CXX object CMakeFiles/cmTC_26b0e.dir/CMakeCXXCompilerABI.cpp.o
/opt/conda/bin/c++      -o CMakeFiles/cmTC_26b0e.dir/CMakeCXXCompilerABI.cpp.o -c /usr/share/cmake-3.5/Modules/CMakeCXXCompilerABI.cpp
Linking CXX executable cmTC_26b0e
/usr/bin/cmake -E cmake_link_script CMakeFiles/cmTC_26b0e.dir/link.txt --verbose=1
/opt/conda/bin/c++       -v CMakeFiles/cmTC_26b0e.dir/CMakeCXXCompilerABI.cpp.o  -o cmTC_26b0e -rdynamic  
Reading specs from /opt/conda/bin/../lib/gcc/x86_64-pc-linux-gnu/7.2.0/specs
COLLECT_GCC=/opt/conda/bin/c++
COLLECT_LTO_WRAPPER=/opt/conda/bin/../gcc/libexec/gcc/x86_64-pc-linux-gnu/7.2.0/lto-wrapper
Target: x86_64-pc-linux-gnu
Configured with: ./configure --prefix=/feedstock_root/build_artefacts/gcc-7_1526595830724/_b_env_placehold_placehold_placehold_placehold_placehold_placehold_placehold_placehold_placehold_placehold_placehold_placehold_placehold_placehold_placehold_placehold_placehold_placehold_placehold_placeh/gcc --with-gxx-include-dir=/feedstock_root/build_artefacts/gcc-7_1526595830724/_b_env_placehold_placehold_placehold_placehold_placehold_placehold_placehold_placehold_placehold_placehold_placehold_placehold_placehold_placehold_placehold_placehold_placehold_placehold_placehold_placeh/gcc/include/c++ --bindir=/feedstock_root/build_artefacts/gcc-7_1526595830724/_b_env_placehold_placehold_placehold_placehold_placehold_placehold_placehold_placehold_placehold_placehold_placehold_placehold_placehold_placehold_placehold_placehold_placehold_placehold_placehold_placeh/bin --datarootdir=/feedstock_root/build_artefacts/gcc-7_1526595830724/_b_env_placehold_placehold_placehold_placehold_placehold_placehold_placehold_placehold_placehold_placehold_placehold_placehold_placehold_placehold_placehold_placehold_placehold_placehold_placehold_placeh/share --libdir=/feedstock_root/build_artefacts/gcc-7_1526595830724/_b_env_placehold_placehold_placehold_placehold_placehold_placehold_placehold_placehold_placehold_placehold_placehold_placehold_placehold_placehold_placehold_placehold_placehold_placehold_placehold_placeh/lib --with-gmp=/feedstock_root/build_artefacts/gcc-7_1526595830724/_b_env_placehold_placehold_placehold_placehold_placehold_placehold_placehold_placehold_placehold_placehold_placehold_placehold_placehold_placehold_placehold_placehold_placehold_placehold_placehold_placeh --with-mpfr=/feedstock_root/build_artefacts/gcc-7_1526595830724/_b_env_placehold_placehold_placehold_placehold_placehold_placehold_placehold_placehold_placehold_placehold_placehold_placehold_placehold_placehold_placehold_placehold_placehold_placehold_placehold_placeh --with-mpc=/feedstock_root/build_artefacts/gcc-7_1526595830724/_b_env_placehold_placehold_placehold_placehold_placehold_placehold_placehold_placehold_placehold_placehold_placehold_placehold_placehold_placehold_placehold_placehold_placehold_placehold_placehold_placeh --with-isl=/feedstock_root/build_artefacts/gcc-7_1526595830724/_b_env_placehold_placehold_placehold_placehold_placehold_placehold_placehold_placehold_placehold_placehold_placehold_placehold_placehold_placehold_placehold_placehold_placehold_placehold_placehold_placeh --with-cloog=/feedstock_root/build_artefacts/gcc-7_1526595830724/_b_env_placehold_placehold_placehold_placehold_placehold_placehold_placehold_placehold_placehold_placehold_placehold_placehold_placehold_placehold_placehold_placehold_placehold_placehold_placehold_placeh --enable-checking=release --with-tune=generic --disable-multilib
Thread model: posix
gcc version 7.2.0 (GCC) 
COMPILER_PATH=/opt/conda/bin/../gcc/libexec/gcc/x86_64-pc-linux-gnu/7.2.0/:/opt/conda/bin/../gcc/libexec/gcc/
LIBRARY_PATH=/opt/conda/bin/../lib/gcc/x86_64-pc-linux-gnu/7.2.0/:/opt/conda/bin/../lib/gcc/:/lib/../lib64/:/opt/conda/bin/../lib/gcc/x86_64-pc-linux-gnu/7.2.0/../../../:/lib/:/usr/lib/
COLLECT_GCC_OPTIONS='-v' '-o' 'cmTC_26b0e' '-rdynamic' '-shared-libgcc' '-mtune=generic' '-march=x86-64'
 /opt/conda/bin/../gcc/libexec/gcc/x86_64-pc-linux-gnu/7.2.0/collect2 -plugin /opt/conda/bin/../gcc/libexec/gcc/x86_64-pc-linux-gnu/7.2.0/liblto_plugin.so -plugin-opt=/opt/conda/bin/../gcc/libexec/gcc/x86_64-pc-linux-gnu/7.2.0/lto-wrapper -plugin-opt=-fresolution=/tmp/ccmwKYwx.res -plugin-opt=-pass-through=-lgcc_s -plugin-opt=-pass-through=-lgcc -plugin-opt=-pass-through=-lc -plugin-opt=-pass-through=-lgcc_s -plugin-opt=-pass-through=-lgcc --eh-frame-hdr -m elf_x86_64 -export-dynamic -dynamic-linker /lib64/ld-linux-x86-64.so.2 -o cmTC_26b0e /opt/conda/bin/../lib/gcc/x86_64-pc-linux-gnu/7.2.0/crt1.o /opt/conda/bin/../lib/gcc/x86_64-pc-linux-gnu/7.2.0/crti.o /opt/conda/bin/../lib/gcc/x86_64-pc-linux-gnu/7.2.0/crtbegin.o -L/opt/conda/bin/../lib/gcc/x86_64-pc-linux-gnu/7.2.0 -L/opt/conda/bin/../lib/gcc -L/lib/../lib64 -L/opt/conda/bin/../lib/gcc/x86_64-pc-linux-gnu/7.2.0/../../.. -L/usr/local/lib/x86_64-linux-gnu -L/lib/x86_64-linux-gnu -L/usr/lib/x86_64-linux-gnu -L/usr/local/lib64 -L/lib64 -L/usr/lib64 -L/usr/local/lib -L/lib -L/usr/lib -L/usr/x86_64-linux-gnu/lib64 -L/usr/x86_64-linux-gnu/lib CMakeFiles/cmTC_26b0e.dir/CMakeCXXCompilerABI.cpp.o -lstdc++ -lm -lgcc_s -lgcc -lc -lgcc_s -lgcc /opt/conda/bin/../lib/gcc/x86_64-pc-linux-gnu/7.2.0/crtend.o /opt/conda/bin/../lib/gcc/x86_64-pc-linux-gnu/7.2.0/crtn.o
COLLECT_GCC_OPTIONS='-v' '-o' 'cmTC_26b0e' '-rdynamic' '-shared-libgcc' '-mtune=generic' '-march=x86-64'
make[1]: Leaving directory '/home/workspace/Udacity_CarND-Extended-Kalman-Filter-Project/build/CMakeFiles/CMakeTmp'


Parsed CXX implicit link information from above output:
  link line regex: [^( *|.*[/\])(ld|([^/\]+-)?ld|collect2)[^/\]*( |$)]
  ignore line: [Change Dir: /home/workspace/Udacity_CarND-Extended-Kalman-Filter-Project/build/CMakeFiles/CMakeTmp]
  ignore line: []
  ignore line: [Run Build Command:"/usr/bin/make" "cmTC_26b0e/fast"]
  ignore line: [/usr/bin/make -f CMakeFiles/cmTC_26b0e.dir/build.make CMakeFiles/cmTC_26b0e.dir/build]
  ignore line: [make[1]: Entering directory '/home/workspace/Udacity_CarND-Extended-Kalman-Filter-Project/build/CMakeFiles/CMakeTmp']
  ignore line: [Building CXX object CMakeFiles/cmTC_26b0e.dir/CMakeCXXCompilerABI.cpp.o]
  ignore line: [/opt/conda/bin/c++      -o CMakeFiles/cmTC_26b0e.dir/CMakeCXXCompilerABI.cpp.o -c /usr/share/cmake-3.5/Modules/CMakeCXXCompilerABI.cpp]
  ignore line: [Linking CXX executable cmTC_26b0e]
  ignore line: [/usr/bin/cmake -E cmake_link_script CMakeFiles/cmTC_26b0e.dir/link.txt --verbose=1]
  ignore line: [/opt/conda/bin/c++       -v CMakeFiles/cmTC_26b0e.dir/CMakeCXXCompilerABI.cpp.o  -o cmTC_26b0e -rdynamic  ]
  ignore line: [Reading specs from /opt/conda/bin/../lib/gcc/x86_64-pc-linux-gnu/7.2.0/specs]
  ignore line: [COLLECT_GCC=/opt/conda/bin/c++]
  ignore line: [COLLECT_LTO_WRAPPER=/opt/conda/bin/../gcc/libexec/gcc/x86_64-pc-linux-gnu/7.2.0/lto-wrapper]
  ignore line: [Target: x86_64-pc-linux-gnu]
  ignore line: [Configured with: ./configure --prefix=/feedstock_root/build_artefacts/gcc-7_1526595830724/_b_env_placehold_placehold_placehold_placehold_placehold_placehold_placehold_placehold_placehold_placehold_placehold_placehold_placehold_placehold_placehold_placehold_placehold_placehold_placehold_placeh/gcc --with-gxx-include-dir=/feedstock_root/build_artefacts/gcc-7_1526595830724/_b_env_placehold_placehold_placehold_placehold_placehold_placehold_placehold_placehold_placehold_placehold_placehold_placehold_placehold_placehold_placehold_placehold_placehold_placehold_placehold_placeh/gcc/include/c++ --bindir=/feedstock_root/build_artefacts/gcc-7_1526595830724/_b_env_placehold_placehold_placehold_placehold_placehold_placehold_placehold_placehold_placehold_placehold_placehold_placehold_placehold_placehold_placehold_placehold_placehold_placehold_placehold_placeh/bin --datarootdir=/feedstock_root/build_artefacts/gcc-7_1526595830724/_b_env_placehold_placehold_placehold_placehold_placehold_placehold_placehold_placehold_placehold_placehold_placehold_placehold_placehold_placehold_placehold_placehold_placehold_placehold_placehold_placeh/share --libdir=/feedstock_root/build_artefacts/gcc-7_1526595830724/_b_env_placehold_placehold_placehold_placehold_placehold_placehold_placehold_placehold_placehold_placehold_placehold_placehold_placehold_placehold_placehold_placehold_placehold_placehold_placehold_placeh/lib --with-gmp=/feedstock_root/build_artefacts/gcc-7_1526595830724/_b_env_placehold_placehold_placehold_placehold_placehold_placehold_placehold_placehold_placehold_placehold_placehold_placehold_placehold_placehold_placehold_placehold_placehold_placehold_placehold_placeh --with-mpfr=/feedstock_root/build_artefacts/gcc-7_1526595830724/_b_env_placehold_placehold_placehold_placehold_placehold_placehold_placehold_placehold_placehold_placehold_placehold_placehold_placehold_placehold_placehold_placehold_placehold_placehold_placehold_placeh --with-mpc=/feedstock_root/build_artefacts/gcc-7_1526595830724/_b_env_placehold_placehold_placehold_placehold_placehold_placehold_placehold_placehold_placehold_placehold_placehold_placehold_placehold_placehold_placehold_placehold_placehold_placehold_placehold_placeh --with-isl=/feedstock_root/build_artefacts/gcc-7_1526595830724/_b_env_placehold_placehold_placehold_placehold_placehold_placehold_placehold_placehold_placehold_placehold_placehold_placehold_placehold_placehold_placehold_placehold_placehold_placehold_placehold_placeh --with-cloog=/feedstock_root/build_artefacts/gcc-7_1526595830724/_b_env_placehold_placehold_placehold_placehold_placehold_placehold_placehold_placehold_placehold_placehold_placehold_placehold_placehold_placehold_placehold_placehold_placehold_placehold_placehold_placeh --enable-checking=release --with-tune=generic --disable-multilib]
  ignore line: [Thread model: posix]
  ignore line: [gcc version 7.2.0 (GCC) ]
  ignore line: [COMPILER_PATH=/opt/conda/bin/../gcc/libexec/gcc/x86_64-pc-linux-gnu/7.2.0/:/opt/conda/bin/../gcc/libexec/gcc/]
  ignore line: [LIBRARY_PATH=/opt/conda/bin/../lib/gcc/x86_64-pc-linux-gnu/7.2.0/:/opt/conda/bin/../lib/gcc/:/lib/../lib64/:/opt/conda/bin/../lib/gcc/x86_64-pc-linux-gnu/7.2.0/../../../:/lib/:/usr/lib/]
  ignore line: [COLLECT_GCC_OPTIONS='-v' '-o' 'cmTC_26b0e' '-rdynamic' '-shared-libgcc' '-mtune=generic' '-march=x86-64']
  link line: [ /opt/conda/bin/../gcc/libexec/gcc/x86_64-pc-linux-gnu/7.2.0/collect2 -plugin /opt/conda/bin/../gcc/libexec/gcc/x86_64-pc-linux-gnu/7.2.0/liblto_plugin.so -plugin-opt=/opt/conda/bin/../gcc/libexec/gcc/x86_64-pc-linux-gnu/7.2.0/lto-wrapper -plugin-opt=-fresolution=/tmp/ccmwKYwx.res -plugin-opt=-pass-through=-lgcc_s -plugin-opt=-pass-through=-lgcc -plugin-opt=-pass-through=-lc -plugin-opt=-pass-through=-lgcc_s -plugin-opt=-pass-through=-lgcc --eh-frame-hdr -m elf_x86_64 -export-dynamic -dynamic-linker /lib64/ld-linux-x86-64.so.2 -o cmTC_26b0e /opt/conda/bin/../lib/gcc/x86_64-pc-linux-gnu/7.2.0/crt1.o /opt/conda/bin/../lib/gcc/x86_64-pc-linux-gnu/7.2.0/crti.o /opt/conda/bin/../lib/gcc/x86_64-pc-linux-gnu/7.2.0/crtbegin.o -L/opt/conda/bin/../lib/gcc/x86_64-pc-linux-gnu/7.2.0 -L/opt/conda/bin/../lib/gcc -L/lib/../lib64 -L/opt/conda/bin/../lib/gcc/x86_64-pc-linux-gnu/7.2.0/../../.. -L/usr/local/lib/x86_64-linux-gnu -L/lib/x86_64-linux-gnu -L/usr/lib/x86_64-linux-gnu -L/usr/local/lib64 -L/lib64 -L/usr/lib64 -L/usr/local/lib -L/lib -L/usr/lib -L/usr/x86_64-linux-gnu/lib64 -L/usr/x86_64-linux-gnu/lib CMakeFiles/cmTC_26b0e.dir/CMakeCXXCompilerABI.cpp.o -lstdc++ -lm -lgcc_s -lgcc -lc -lgcc_s -lgcc /opt/conda/bin/../lib/gcc/x86_64-pc-linux-gnu/7.2.0/crtend.o /opt/conda/bin/../lib/gcc/x86_64-pc-linux-gnu/7.2.0/crtn.o]
    arg [/opt/conda/bin/../gcc/libexec/gcc/x86_64-pc-linux-gnu/7.2.0/collect2] ==> ignore
    arg [-plugin] ==> ignore
    arg [/opt/conda/bin/../gcc/libexec/gcc/x86_64-pc-linux-gnu/7.2.0/liblto_plugin.so] ==> ignore
    arg [-plugin-opt=/opt/conda/bin/../gcc/libexec/gcc/x86_64-pc-linux-gnu/7.2.0/lto-wrapper] ==> ignore
    arg [-plugin-opt=-fresolution=/tmp/ccmwKYwx.res] ==> ignore
    arg [-plugin-opt=-pass-through=-lgcc_s] ==> ignore
    arg [-plugin-opt=-pass-through=-lgcc] ==> ignore
    arg [-plugin-opt=-pass-through=-lc] ==> ignore
    arg [-plugin-opt=-pass-through=-lgcc_s] ==> ignore
    arg [-plugin-opt=-pass-through=-lgcc] ==> ignore
    arg [--eh-frame-hdr] ==> ignore
    arg [-m] ==> ignore
    arg [elf_x86_64] ==> ignore
    arg [-export-dynamic] ==> ignore
    arg [-dynamic-linker] ==> ignore
    arg [/lib64/ld-linux-x86-64.so.2] ==> ignore
    arg [-o] ==> ignore
    arg [cmTC_26b0e] ==> ignore
    arg [/opt/conda/bin/../lib/gcc/x86_64-pc-linux-gnu/7.2.0/crt1.o] ==> ignore
    arg [/opt/conda/bin/../lib/gcc/x86_64-pc-linux-gnu/7.2.0/crti.o] ==> ignore
    arg [/opt/conda/bin/../lib/gcc/x86_64-pc-linux-gnu/7.2.0/crtbegin.o] ==> ignore
    arg [-L/opt/conda/bin/../lib/gcc/x86_64-pc-linux-gnu/7.2.0] ==> dir [/opt/conda/bin/../lib/gcc/x86_64-pc-linux-gnu/7.2.0]
    arg [-L/opt/conda/bin/../lib/gcc] ==> dir [/opt/conda/bin/../lib/gcc]
    arg [-L/lib/../lib64] ==> dir [/lib/../lib64]
    arg [-L/opt/conda/bin/../lib/gcc/x86_64-pc-linux-gnu/7.2.0/../../..] ==> dir [/opt/conda/bin/../lib/gcc/x86_64-pc-linux-gnu/7.2.0/../../..]
    arg [-L/usr/local/lib/x86_64-linux-gnu] ==> dir [/usr/local/lib/x86_64-linux-gnu]
    arg [-L/lib/x86_64-linux-gnu] ==> dir [/lib/x86_64-linux-gnu]
    arg [-L/usr/lib/x86_64-linux-gnu] ==> dir [/usr/lib/x86_64-linux-gnu]
    arg [-L/usr/local/lib64] ==> dir [/usr/local/lib64]
    arg [-L/lib64] ==> dir [/lib64]
    arg [-L/usr/lib64] ==> dir [/usr/lib64]
    arg [-L/usr/local/lib] ==> dir [/usr/local/lib]
    arg [-L/lib] ==> dir [/lib]
    arg [-L/usr/lib] ==> dir [/usr/lib]
    arg [-L/usr/x86_64-linux-gnu/lib64] ==> dir [/usr/x86_64-linux-gnu/lib64]
    arg [-L/usr/x86_64-linux-gnu/lib] ==> dir [/usr/x86_64-linux-gnu/lib]
    arg [CMakeFiles/cmTC_26b0e.dir/CMakeCXXCompilerABI.cpp.o] ==> ignore
    arg [-lstdc++] ==> lib [stdc++]
    arg [-lm] ==> lib [m]
    arg [-lgcc_s] ==> lib [gcc_s]
    arg [-lgcc] ==> lib [gcc]
    arg [-lc] ==> lib [c]
    arg [-lgcc_s] ==> lib [gcc_s]
    arg [-lgcc] ==> lib [gcc]
    arg [/opt/conda/bin/../lib/gcc/x86_64-pc-linux-gnu/7.2.0/crtend.o] ==> ignore
    arg [/opt/conda/bin/../lib/gcc/x86_64-pc-linux-gnu/7.2.0/crtn.o] ==> ignore
  remove lib [gcc_s]
  remove lib [gcc]
  remove lib [gcc_s]
  remove lib [gcc]
  collapse library dir [/opt/conda/bin/../lib/gcc/x86_64-pc-linux-gnu/7.2.0] ==> [/opt/conda/lib/gcc/x86_64-pc-linux-gnu/7.2.0]
  collapse library dir [/opt/conda/bin/../lib/gcc] ==> [/opt/conda/lib/gcc]
  collapse library dir [/lib/../lib64] ==> [/lib64]
  collapse library dir [/opt/conda/bin/../lib/gcc/x86_64-pc-linux-gnu/7.2.0/../../..] ==> [/opt/conda/lib]
  collapse library dir [/usr/local/lib/x86_64-linux-gnu] ==> [/usr/local/lib/x86_64-linux-gnu]
  collapse library dir [/lib/x86_64-linux-gnu] ==> [/lib/x86_64-linux-gnu]
  collapse library dir [/usr/lib/x86_64-linux-gnu] ==> [/usr/lib/x86_64-linux-gnu]
  collapse library dir [/usr/local/lib64] ==> [/usr/local/lib64]
  collapse library dir [/lib64] ==> [/lib64]
  collapse library dir [/usr/lib64] ==> [/usr/lib64]
  collapse library dir [/usr/local/lib] ==> [/usr/local/lib]
  collapse library dir [/lib] ==> [/lib]
  collapse library dir [/usr/lib] ==> [/usr/lib]
  collapse library dir [/usr/x86_64-linux-gnu/lib64] ==> [/usr/x86_64-linux-gnu/lib64]
  collapse library dir [/usr/x86_64-linux-gnu/lib] ==> [/usr/x86_64-linux-gnu/lib]
  implicit libs: [stdc++;m;c]
  implicit dirs: [/opt/conda/lib/gcc/x86_64-pc-linux-gnu/7.2.0;/opt/conda/lib/gcc;/lib64;/opt/conda/lib;/usr/local/lib/x86_64-linux-gnu;/lib/x86_64-linux-gnu;/usr/lib/x86_64-linux-gnu;/usr/local/lib64;/usr/lib64;/usr/local/lib;/lib;/usr/lib;/usr/x86_64-linux-gnu/lib64;/usr/x86_64-linux-gnu/lib]
  implicit fwks: []




Detecting CXX [-std=c++14] compiler features compiled with the following output:
Change Dir: /home/workspace/Udacity_CarND-Extended-Kalman-Filter-Project/build/CMakeFiles/CMakeTmp

Run Build Command:"/usr/bin/make" "cmTC_7525d/fast"
/usr/bin/make -f CMakeFiles/cmTC_7525d.dir/build.make CMakeFiles/cmTC_7525d.dir/build
make[1]: Entering directory '/home/workspace/Udacity_CarND-Extended-Kalman-Filter-Project/build/CMakeFiles/CMakeTmp'
Building CXX object CMakeFiles/cmTC_7525d.dir/feature_tests.cxx.o
/opt/conda/bin/c++     -std=c++14 -o CMakeFiles/cmTC_7525d.dir/feature_tests.cxx.o -c /home/workspace/Udacity_CarND-Extended-Kalman-Filter-Project/build/CMakeFiles/feature_tests.cxx
Linking CXX executable cmTC_7525d
/usr/bin/cmake -E cmake_link_script CMakeFiles/cmTC_7525d.dir/link.txt --verbose=1
/opt/conda/bin/c++        CMakeFiles/cmTC_7525d.dir/feature_tests.cxx.o  -o cmTC_7525d -rdynamic 
make[1]: Leaving directory '/home/workspace/Udacity_CarND-Extended-Kalman-Filter-Project/build/CMakeFiles/CMakeTmp'


    Feature record: CXX_FEATURE:1cxx_aggregate_default_initializers
    Feature record: CXX_FEATURE:1cxx_alias_templates
    Feature record: CXX_FEATURE:1cxx_alignas
    Feature record: CXX_FEATURE:1cxx_alignof
    Feature record: CXX_FEATURE:1cxx_attributes
    Feature record: CXX_FEATURE:1cxx_attribute_deprecated
    Feature record: CXX_FEATURE:1cxx_auto_type
    Feature record: CXX_FEATURE:1cxx_binary_literals
    Feature record: CXX_FEATURE:1cxx_constexpr
    Feature record: CXX_FEATURE:1cxx_contextual_conversions
    Feature record: CXX_FEATURE:1cxx_decltype
    Feature record: CXX_FEATURE:1cxx_decltype_auto
    Feature record: CXX_FEATURE:1cxx_decltype_incomplete_return_types
    Feature record: CXX_FEATURE:1cxx_default_function_template_args
    Feature record: CXX_FEATURE:1cxx_defaulted_functions
    Feature record: CXX_FEATURE:1cxx_defaulted_move_initializers
    Feature record: CXX_FEATURE:1cxx_delegating_constructors
    Feature record: CXX_FEATURE:1cxx_deleted_functions
    Feature record: CXX_FEATURE:1cxx_digit_separators
    Feature record: CXX_FEATURE:1cxx_enum_forward_declarations
    Feature record: CXX_FEATURE:1cxx_explicit_conversions
    Feature record: CXX_FEATURE:1cxx_extended_friend_declarations
    Feature record: CXX_FEATURE:1cxx_extern_templates
    Feature record: CXX_FEATURE:1cxx_final
    Feature record: CXX_FEATURE:1cxx_func_identifier
    Feature record: CXX_FEATURE:1cxx_generalized_initializers
    Feature record: CXX_FEATURE:1cxx_generic_lambdas
    Feature record: CXX_FEATURE:1cxx_inheriting_constructors
    Feature record: CXX_FEATURE:1cxx_inline_namespaces
    Feature record: CXX_FEATURE:1cxx_lambdas
    Feature record: CXX_FEATURE:1cxx_lambda_init_captures
    Feature record: CXX_FEATURE:1cxx_local_type_template_args
    Feature record: CXX_FEATURE:1cxx_long_long_type
    Feature record: CXX_FEATURE:1cxx_noexcept
    Feature record: CXX_FEATURE:1cxx_nonstatic_member_init
    Feature record: CXX_FEATURE:1cxx_nullptr
    Feature record: CXX_FEATURE:1cxx_override
    Feature record: CXX_FEATURE:1cxx_range_for
    Feature record: CXX_FEATURE:1cxx_raw_string_literals
    Feature record: CXX_FEATURE:1cxx_reference_qualified_functions
    Feature record: CXX_FEATURE:1cxx_relaxed_constexpr
    Feature record: CXX_FEATURE:1cxx_return_type_deduction
    Feature record: CXX_FEATURE:1cxx_right_angle_brackets
    Feature record: CXX_FEATURE:1cxx_rvalue_references
    Feature record: CXX_FEATURE:1cxx_sizeof_member
    Feature record: CXX_FEATURE:1cxx_static_assert
    Feature record: CXX_FEATURE:1cxx_strong_enums
    Feature record: CXX_FEATURE:1cxx_template_template_parameters
    Feature record: CXX_FEATURE:1cxx_thread_local
    Feature record: CXX_FEATURE:1cxx_trailing_return_types
    Feature record: CXX_FEATURE:1cxx_unicode_literals
    Feature record: CXX_FEATURE:1cxx_uniform_initialization
    Feature record: CXX_FEATURE:1cxx_unrestricted_unions
    Feature record: CXX_FEATURE:1cxx_user_literals
    Feature record: CXX_FEATURE:1cxx_variable_templates
    Feature record: CXX_FEATURE:1cxx_variadic_macros
    Feature record: CXX_FEATURE:1cxx_variadic_templates


Detecting CXX [-std=c++11] compiler features compiled with the following output:
Change Dir: /home/workspace/Udacity_CarND-Extended-Kalman-Filter-Project/build/CMakeFiles/CMakeTmp

Run Build Command:"/usr/bin/make" "cmTC_8c6c6/fast"
/usr/bin/make -f CMakeFiles/cmTC_8c6c6.dir/build.make CMakeFiles/cmTC_8c6c6.dir/build
make[1]: Entering directory '/home/workspace/Udacity_CarND-Extended-Kalman-Filter-Project/build/CMakeFiles/CMakeTmp'
Building CXX object CMakeFiles/cmTC_8c6c6.dir/feature_tests.cxx.o
/opt/conda/bin/c++     -std=c++11 -o CMakeFiles/cmTC_8c6c6.dir/feature_tests.cxx.o -c /home/workspace/Udacity_CarND-Extended-Kalman-Filter-Project/build/CMakeFiles/feature_tests.cxx
Linking CXX executable cmTC_8c6c6
/usr/bin/cmake -E cmake_link_script CMakeFiles/cmTC_8c6c6.dir/link.txt --verbose=1
/opt/conda/bin/c++        CMakeFiles/cmTC_8c6c6.dir/feature_tests.cxx.o  -o cmTC_8c6c6 -rdynamic 
make[1]: Leaving directory '/home/workspace/Udacity_CarND-Extended-Kalman-Filter-Project/build/CMakeFiles/CMakeTmp'


    Feature record: CXX_FEATURE:0cxx_aggregate_default_initializers
    Feature record: CXX_FEATURE:1cxx_alias_templates
    Feature record: CXX_FEATURE:1cxx_alignas
    Feature record: CXX_FEATURE:1cxx_alignof
    Feature record: CXX_FEATURE:1cxx_attributes
    Feature record: CXX_FEATURE:0cxx_attribute_deprecated
    Feature record: CXX_FEATURE:1cxx_auto_type
    Feature record: CXX_FEATURE:0cxx_binary_literals
    Feature record: CXX_FEATURE:1cxx_constexpr
    Feature record: CXX_FEATURE:0cxx_contextual_conversions
    Feature record: CXX_FEATURE:1cxx_decltype
    Feature record: CXX_FEATURE:0cxx_decltype_auto
    Feature record: CXX_FEATURE:1cxx_decltype_incomplete_return_types
    Feature record: CXX_FEATURE:1cxx_default_function_template_args
    Feature record: CXX_FEATURE:1cxx_defaulted_functions
    Feature record: CXX_FEATURE:1cxx_defaulted_move_initializers
    Feature record: CXX_FEATURE:1cxx_delegating_constructors
    Feature record: CXX_FEATURE:1cxx_deleted_functions
    Feature record: CXX_FEATURE:0cxx_digit_separators
    Feature record: CXX_FEATURE:1cxx_enum_forward_declarations
    Feature record: CXX_FEATURE:1cxx_explicit_conversions
    Feature record: CXX_FEATURE:1cxx_extended_friend_declarations
    Feature record: CXX_FEATURE:1cxx_extern_templates
    Feature record: CXX_FEATURE:1cxx_final
    Feature record: CXX_FEATURE:1cxx_func_identifier
    Feature record: CXX_FEATURE:1cxx_generalized_initializers
    Feature record: CXX_FEATURE:0cxx_generic_lambdas
    Feature record: CXX_FEATURE:1cxx_inheriting_constructors
    Feature record: CXX_FEATURE:1cxx_inline_namespaces
    Feature record: CXX_FEATURE:1cxx_lambdas
    Feature record: CXX_FEATURE:0cxx_lambda_init_captures
    Feature record: CXX_FEATURE:1cxx_local_type_template_args
    Feature record: CXX_FEATURE:1cxx_long_long_type
    Feature record: CXX_FEATURE:1cxx_noexcept
    Feature record: CXX_FEATURE:1cxx_nonstatic_member_init
    Feature record: CXX_FEATURE:1cxx_nullptr
    Feature record: CXX_FEATURE:1cxx_override
    Feature record: CXX_FEATURE:1cxx_range_for
    Feature record: CXX_FEATURE:1cxx_raw_string_literals
    Feature record: CXX_FEATURE:1cxx_reference_qualified_functions
    Feature record: CXX_FEATURE:0cxx_relaxed_constexpr
    Feature record: CXX_FEATURE:0cxx_return_type_deduction
    Feature record: CXX_FEATURE:1cxx_right_angle_brackets
    Feature record: CXX_FEATURE:1cxx_rvalue_references
    Feature record: CXX_FEATURE:1cxx_sizeof_member
    Feature record: CXX_FEATURE:1cxx_static_assert
    Feature record: CXX_FEATURE:1cxx_strong_enums
    Feature record: CXX_FEATURE:1cxx_template_template_parameters
    Feature record: CXX_FEATURE:1cxx_thread_local
    Feature record: CXX_FEATURE:1cxx_trailing_return_types
    Feature record: CXX_FEATURE:1cxx_unicode_literals
    Feature record: CXX_FEATURE:1cxx_uniform_initialization
    Feature record: CXX_FEATURE:1cxx_unrestricted_unions
    Feature record: CXX_FEATURE:1cxx_user_literals
    Feature record: CXX_FEATURE:0cxx_variable_templates
    Feature record: CXX_FEATURE:1cxx_variadic_macros
    Feature record: CXX_FEATURE:1cxx_variadic_templates


Detecting CXX [-std=c++98] compiler features compiled with the following output:
Change Dir: /home/workspace/Udacity_CarND-Extended-Kalman-Filter-Project/build/CMakeFiles/CMakeTmp

Run Build Command:"/usr/bin/make" "cmTC_67e0a/fast"
/usr/bin/make -f CMakeFiles/cmTC_67e0a.dir/build.make CMakeFiles/cmTC_67e0a.dir/build
make[1]: Entering directory '/home/workspace/Udacity_CarND-Extended-Kalman-Filter-Project/build/CMakeFiles/CMakeTmp'
Building CXX object CMakeFiles/cmTC_67e0a.dir/feature_tests.cxx.o
/opt/conda/bin/c++     -std=c++98 -o CMakeFiles/cmTC_67e0a.dir/feature_tests.cxx.o -c /home/workspace/Udacity_CarND-Extended-Kalman-Filter-Project/build/CMakeFiles/feature_tests.cxx
Linking CXX executable cmTC_67e0a
/usr/bin/cmake -E cmake_link_script CMakeFiles/cmTC_67e0a.dir/link.txt --verbose=1
/opt/conda/bin/c++        CMakeFiles/cmTC_67e0a.dir/feature_tests.cxx.o  -o cmTC_67e0a -rdynamic 
make[1]: Leaving directory '/home/workspace/Udacity_CarND-Extended-Kalman-Filter-Project/build/CMakeFiles/CMakeTmp'


    Feature record: CXX_FEATURE:0cxx_aggregate_default_initializers
    Feature record: CXX_FEATURE:0cxx_alias_templates
    Feature record: CXX_FEATURE:0cxx_alignas
    Feature record: CXX_FEATURE:0cxx_alignof
    Feature record: CXX_FEATURE:0cxx_attributes
    Feature record: CXX_FEATURE:0cxx_attribute_deprecated
    Feature record: CXX_FEATURE:0cxx_auto_type
    Feature record: CXX_FEATURE:0cxx_binary_literals
    Feature record: CXX_FEATURE:0cxx_constexpr
    Feature record: CXX_FEATURE:0cxx_contextual_conversions
    Feature record: CXX_FEATURE:0cxx_decltype
    Feature record: CXX_FEATURE:0cxx_decltype_auto
    Feature record: CXX_FEATURE:0cxx_decltype_incomplete_return_types
    Feature record: CXX_FEATURE:0cxx_default_function_template_args
    Feature record: CXX_FEATURE:0cxx_defaulted_functions
    Feature record: CXX_FEATURE:0cxx_defaulted_move_initializers
    Feature record: CXX_FEATURE:0cxx_delegating_constructors
    Feature record: CXX_FEATURE:0cxx_deleted_functions
    Feature record: CXX_FEATURE:0cxx_digit_separators
    Feature record: CXX_FEATURE:0cxx_enum_forward_declarations
    Feature record: CXX_FEATURE:0cxx_explicit_conversions
    Feature record: CXX_FEATURE:0cxx_extended_friend_declarations
    Feature record: CXX_FEATURE:0cxx_extern_templates
    Feature record: CXX_FEATURE:0cxx_final
    Feature record: CXX_FEATURE:0cxx_func_identifier
    Feature record: CXX_FEATURE:0cxx_generalized_initializers
    Feature record: CXX_FEATURE:0cxx_generic_lambdas
    Feature record: CXX_FEATURE:0cxx_inheriting_constructors
    Feature record: CXX_FEATURE:0cxx_inline_namespaces
    Feature record: CXX_FEATURE:0cxx_lambdas
    Feature record: CXX_FEATURE:0cxx_lambda_init_captures
    Feature record: CXX_FEATURE:0cxx_local_type_template_args
    Feature record: CXX_FEATURE:0cxx_long_long_type
    Feature record: CXX_FEATURE:0cxx_noexcept
    Feature record: CXX_FEATURE:0cxx_nonstatic_member_init
    Feature record: CXX_FEATURE:0cxx_nullptr
    Feature record: CXX_FEATURE:0cxx_override
    Feature record: CXX_FEATURE:0cxx_range_for
    Feature record: CXX_FEATURE:0cxx_raw_string_literals
    Feature record: CXX_FEATURE:0cxx_reference_qualified_functions
    Feature record: CXX_FEATURE:0cxx_relaxed_constexpr
    Feature record: CXX_FEATURE:0cxx_return_type_deduction
    Feature record: CXX_FEATURE:0cxx_right_angle_brackets
    Feature record: CXX_FEATURE:0cxx_rvalue_references
    Feature record: CXX_FEATURE:0cxx_sizeof_member
    Feature record: CXX_FEATURE:0cxx_static_assert
    Feature record: CXX_FEATURE:0cxx_strong_enums
    Feature record: CXX_FEATURE:1cxx_template_template_parameters
    Feature record: CXX_FEATURE:0cxx_thread_local
    Feature record: CXX_FEATURE:0cxx_trailing_return_types
    Feature record: CXX_FEATURE:0cxx_unicode_literals
    Feature record: CXX_FEATURE:0cxx_uniform_initialization
    Feature record: CXX_FEATURE:0cxx_unrestricted_unions
    Feature record: CXX_FEATURE:0cxx_user_literals
    Feature record: CXX_FEATURE:0cxx_variable_templates
    Feature record: CXX_FEATURE:0cxx_variadic_macros
    Feature record: CXX_FEATURE:0cxx_variadic_templates
